2026-04-12 13:34:09,603 | INFO | Environment variables loaded successfully.
2026-04-12 13:34:09,813 | INFO | Fetching price data for AAPL...
2026-04-12 13:37:18,861 | INFO | Fetching price data for MSFT...
2026-04-12 13:40:20,290 | INFO | Fetching price data for GOOGL...
2026-04-12 13:43:22,193 | INFO | Fetching price data for AMZN...
2026-04-12 13:46:23,778 | WARNING | No price data loaded for 2026-04-12. Skipping upload.
2026-04-13 22:02:34,812 | INFO | Environment variables loaded successfully.
2026-04-13 22:02:34,918 | INFO | Fetching price data for AAPL...
2026-04-13 22:02:36,756 | INFO | Fetching overview for AAPL...
2026-04-13 22:02:37,250 | INFO |     datetime     open    high     low   close    volume symbol  daily_return  price_range  prev_close  price_direction company_name      sector exchange
0 2025-11-17  268.815  270.49  265.73  267.46  45018260   AAPL      0.000000         4.76        0.00                0    Apple Inc  TECHNOLOGY   NASDAQ
1 2025-11-18  269.990  270.71  265.32  267.44  45677278   AAPL     -0.007478         5.39      267.46                0    Apple Inc  TECHNOLOGY   NASDAQ
2 2025-11-19  265.525  272.21  265.50  268.56  40424492   AAPL      0.418786         6.71      267.44                1    Apple Inc  TECHNOLOGY   NASDAQ
3 2025-11-20  270.830  275.43  265.92  266.25  45823568   AAPL     -0.860143         9.51      268.56                0    Apple Inc  TECHNOLOGY   NASDAQ
4 2025-11-21  265.950  273.33  265.67  271.49  59030832   AAPL      1.968075         7.66      266.25                1    Apple Inc  TECHNOLOGY   NASDAQ
2026-04-13 22:02:37,252 | ERROR | Upload failed for raw/stock_prices/date=2026-04-13/prices.parquet: Unable to find a usable engine; tried using: 'pyarrow', 'fastparquet'.
A suitable version of pyarrow or fastparquet is required for parquet support.
Trying to import the above resulted in these errors:
 - `Import pyarrow` failed. pyarrow is required for parquet support. Use pip or conda to install the pyarrow package.
 - `Import fastparquet` failed. fastparquet is required for parquet support. Use pip or conda to install the fastparquet package.
2026-04-13 22:02:37,253 | CRITICAL | Pipeline failed: Unable to find a usable engine; tried using: 'pyarrow', 'fastparquet'.
A suitable version of pyarrow or fastparquet is required for parquet support.
Trying to import the above resulted in these errors:
 - `Import pyarrow` failed. pyarrow is required for parquet support. Use pip or conda to install the pyarrow package.
 - `Import fastparquet` failed. fastparquet is required for parquet support. Use pip or conda to install the fastparquet package.
2026-04-13 22:05:02,442 | INFO | Environment variables loaded successfully.
2026-04-13 22:05:02,468 | INFO | Fetching price data for AAPL...
2026-04-13 22:05:02,996 | INFO | Fetching overview for AAPL...
2026-04-13 22:06:03,870 | INFO |     datetime     open    high     low   close    volume symbol  daily_return  price_range  prev_close  price_direction company_name      sector exchange
0 2025-11-17  268.815  270.49  265.73  267.46  45018260   AAPL      0.000000         4.76        0.00                0    Apple Inc  TECHNOLOGY   NASDAQ
1 2025-11-18  269.990  270.71  265.32  267.44  45677278   AAPL     -0.007478         5.39      267.46                0    Apple Inc  TECHNOLOGY   NASDAQ
2 2025-11-19  265.525  272.21  265.50  268.56  40424492   AAPL      0.418786         6.71      267.44                1    Apple Inc  TECHNOLOGY   NASDAQ
3 2025-11-20  270.830  275.43  265.92  266.25  45823568   AAPL     -0.860143         9.51      268.56                0    Apple Inc  TECHNOLOGY   NASDAQ
4 2025-11-21  265.950  273.33  265.67  271.49  59030832   AAPL      1.968075         7.66      266.25                1    Apple Inc  TECHNOLOGY   NASDAQ
2026-04-13 22:06:03,872 | ERROR | Upload failed for raw/stock_prices/date=2026-04-13/prices.parquet: Unable to find a usable engine; tried using: 'pyarrow', 'fastparquet'.
A suitable version of pyarrow or fastparquet is required for parquet support.
Trying to import the above resulted in these errors:
 - `Import pyarrow` failed. pyarrow is required for parquet support. Use pip or conda to install the pyarrow package.
 - `Import fastparquet` failed. fastparquet is required for parquet support. Use pip or conda to install the fastparquet package.
2026-04-13 22:06:03,872 | CRITICAL | Pipeline failed: Unable to find a usable engine; tried using: 'pyarrow', 'fastparquet'.
A suitable version of pyarrow or fastparquet is required for parquet support.
Trying to import the above resulted in these errors:
 - `Import pyarrow` failed. pyarrow is required for parquet support. Use pip or conda to install the pyarrow package.
 - `Import fastparquet` failed. fastparquet is required for parquet support. Use pip or conda to install the fastparquet package.
2026-04-13 22:15:26,183 | INFO | Environment variables loaded successfully.
2026-04-13 22:15:26,230 | INFO | Fetching price data for AAPL...
2026-04-13 22:15:27,058 | INFO | Fetching overview for AAPL...
2026-04-13 22:16:27,917 | INFO |     datetime     open    high     low   close    volume symbol  daily_return  price_range  prev_close  price_direction company_name      sector exchange
0 2025-11-17  268.815  270.49  265.73  267.46  45018260   AAPL      0.000000         4.76        0.00                0    Apple Inc  TECHNOLOGY   NASDAQ
1 2025-11-18  269.990  270.71  265.32  267.44  45677278   AAPL     -0.007478         5.39      267.46                0    Apple Inc  TECHNOLOGY   NASDAQ
2 2025-11-19  265.525  272.21  265.50  268.56  40424492   AAPL      0.418786         6.71      267.44                1    Apple Inc  TECHNOLOGY   NASDAQ
3 2025-11-20  270.830  275.43  265.92  266.25  45823568   AAPL     -0.860143         9.51      268.56                0    Apple Inc  TECHNOLOGY   NASDAQ
4 2025-11-21  265.950  273.33  265.67  271.49  59030832   AAPL      1.968075         7.66      266.25                1    Apple Inc  TECHNOLOGY   NASDAQ
2026-04-13 22:16:27,918 | ERROR | Upload failed for raw/stock_prices/date=2026-04-13/prices.parquet: Unable to find a usable engine; tried using: 'pyarrow', 'fastparquet'.
A suitable version of pyarrow or fastparquet is required for parquet support.
Trying to import the above resulted in these errors:
 - `Import pyarrow` failed. pyarrow is required for parquet support. Use pip or conda to install the pyarrow package.
 - `Import fastparquet` failed. fastparquet is required for parquet support. Use pip or conda to install the fastparquet package.
2026-04-13 22:16:27,919 | CRITICAL | Pipeline failed: Unable to find a usable engine; tried using: 'pyarrow', 'fastparquet'.
A suitable version of pyarrow or fastparquet is required for parquet support.
Trying to import the above resulted in these errors:
 - `Import pyarrow` failed. pyarrow is required for parquet support. Use pip or conda to install the pyarrow package.
 - `Import fastparquet` failed. fastparquet is required for parquet support. Use pip or conda to install the fastparquet package.
2026-04-13 22:18:54,552 | INFO | Environment variables loaded successfully.
2026-04-13 22:18:54,581 | INFO | Fetching price data for AAPL...
2026-04-13 22:18:55,140 | INFO | Fetching overview for AAPL...
2026-04-13 22:19:56,040 | INFO |     datetime     open    high     low   close    volume symbol  daily_return  price_range  prev_close  price_direction company_name      sector exchange
0 2025-11-17  268.815  270.49  265.73  267.46  45018260   AAPL      0.000000         4.76        0.00                0    Apple Inc  TECHNOLOGY   NASDAQ
1 2025-11-18  269.990  270.71  265.32  267.44  45677278   AAPL     -0.007478         5.39      267.46                0    Apple Inc  TECHNOLOGY   NASDAQ
2 2025-11-19  265.525  272.21  265.50  268.56  40424492   AAPL      0.418786         6.71      267.44                1    Apple Inc  TECHNOLOGY   NASDAQ
3 2025-11-20  270.830  275.43  265.92  266.25  45823568   AAPL     -0.860143         9.51      268.56                0    Apple Inc  TECHNOLOGY   NASDAQ
4 2025-11-21  265.950  273.33  265.67  271.49  59030832   AAPL      1.968075         7.66      266.25                1    Apple Inc  TECHNOLOGY   NASDAQ
2026-04-13 22:19:56,042 | ERROR | Upload failed for raw/stock_prices/date=2026-04-13/prices.parquet: Unable to find a usable engine; tried using: 'pyarrow', 'fastparquet'.
A suitable version of pyarrow or fastparquet is required for parquet support.
Trying to import the above resulted in these errors:
 - `Import pyarrow` failed. pyarrow is required for parquet support. Use pip or conda to install the pyarrow package.
 - `Import fastparquet` failed. fastparquet is required for parquet support. Use pip or conda to install the fastparquet package.
2026-04-13 22:19:56,042 | CRITICAL | Pipeline failed: Unable to find a usable engine; tried using: 'pyarrow', 'fastparquet'.
A suitable version of pyarrow or fastparquet is required for parquet support.
Trying to import the above resulted in these errors:
 - `Import pyarrow` failed. pyarrow is required for parquet support. Use pip or conda to install the pyarrow package.
 - `Import fastparquet` failed. fastparquet is required for parquet support. Use pip or conda to install the fastparquet package.
2026-04-13 22:25:55,598 | INFO | Environment variables loaded successfully.
2026-04-13 22:25:55,700 | INFO | Fetching price data for AAPL...
2026-04-13 22:25:56,240 | INFO | Price data processed for AAPL
2026-04-13 22:25:56,241 | INFO | Fetching overview for AAPL...
2026-04-13 22:25:56,664 | WARNING | Rate limit hit. Waiting 60 seconds...
2026-04-13 22:26:57,082 | INFO | Overview fetched for AAPL
2026-04-13 22:26:57,085 | INFO | Merged price + overview into all_data
2026-04-13 22:26:57,092 | INFO |     datetime     open    high     low   close    volume symbol  daily_return  price_range  prev_close  price_direction company_name      sector exchange
0 2025-11-17  268.815  270.49  265.73  267.46  45018260   AAPL      0.000000         4.76        0.00                0    Apple Inc  TECHNOLOGY   NASDAQ
1 2025-11-18  269.990  270.71  265.32  267.44  45677278   AAPL     -0.007478         5.39      267.46                0    Apple Inc  TECHNOLOGY   NASDAQ
2 2025-11-19  265.525  272.21  265.50  268.56  40424492   AAPL      0.418786         6.71      267.44                1    Apple Inc  TECHNOLOGY   NASDAQ
3 2025-11-20  270.830  275.43  265.92  266.25  45823568   AAPL     -0.860143         9.51      268.56                0    Apple Inc  TECHNOLOGY   NASDAQ
4 2025-11-21  265.950  273.33  265.67  271.49  59030832   AAPL      1.968075         7.66      266.25                1    Apple Inc  TECHNOLOGY   NASDAQ
2026-04-13 22:26:57,094 | ERROR | Upload failed for raw/stock_prices/date=2026-04-13/prices.parquet: Unable to find a usable engine; tried using: 'pyarrow', 'fastparquet'.
A suitable version of pyarrow or fastparquet is required for parquet support.
Trying to import the above resulted in these errors:
 - `Import pyarrow` failed. pyarrow is required for parquet support. Use pip or conda to install the pyarrow package.
 - `Import fastparquet` failed. fastparquet is required for parquet support. Use pip or conda to install the fastparquet package.
2026-04-13 22:26:57,094 | CRITICAL | Pipeline failed: Unable to find a usable engine; tried using: 'pyarrow', 'fastparquet'.
A suitable version of pyarrow or fastparquet is required for parquet support.
Trying to import the above resulted in these errors:
 - `Import pyarrow` failed. pyarrow is required for parquet support. Use pip or conda to install the pyarrow package.
 - `Import fastparquet` failed. fastparquet is required for parquet support. Use pip or conda to install the fastparquet package.
2026-04-13 22:29:17,566 | INFO | Environment variables loaded successfully.
2026-04-13 22:29:17,597 | INFO | Fetching price data for AAPL...
2026-04-13 22:29:18,136 | INFO | Price data processed for AAPL
2026-04-13 22:29:18,137 | INFO | Fetching overview for AAPL...
2026-04-13 22:29:18,541 | WARNING | Rate limit hit. Waiting 60 seconds...
2026-04-13 22:30:18,956 | INFO | Overview fetched for AAPL
2026-04-13 22:30:18,960 | INFO | Merged price + overview into all_data
2026-04-13 22:30:18,966 | INFO |     datetime     open    high     low   close    volume symbol  daily_return  price_range  prev_close  price_direction company_name      sector exchange
0 2025-11-17  268.815  270.49  265.73  267.46  45018260   AAPL      0.000000         4.76        0.00                0    Apple Inc  TECHNOLOGY   NASDAQ
1 2025-11-18  269.990  270.71  265.32  267.44  45677278   AAPL     -0.007478         5.39      267.46                0    Apple Inc  TECHNOLOGY   NASDAQ
2 2025-11-19  265.525  272.21  265.50  268.56  40424492   AAPL      0.418786         6.71      267.44                1    Apple Inc  TECHNOLOGY   NASDAQ
3 2025-11-20  270.830  275.43  265.92  266.25  45823568   AAPL     -0.860143         9.51      268.56                0    Apple Inc  TECHNOLOGY   NASDAQ
4 2025-11-21  265.950  273.33  265.67  271.49  59030832   AAPL      1.968075         7.66      266.25                1    Apple Inc  TECHNOLOGY   NASDAQ
2026-04-13 22:30:18,968 | ERROR | Upload failed for raw/stock_prices/date=2026-04-13/prices.parquet: Unable to find a usable engine; tried using: 'pyarrow', 'fastparquet'.
A suitable version of pyarrow or fastparquet is required for parquet support.
Trying to import the above resulted in these errors:
 - `Import pyarrow` failed. pyarrow is required for parquet support. Use pip or conda to install the pyarrow package.
 - `Import fastparquet` failed. fastparquet is required for parquet support. Use pip or conda to install the fastparquet package.
2026-04-13 22:30:18,968 | CRITICAL | Pipeline failed: Unable to find a usable engine; tried using: 'pyarrow', 'fastparquet'.
A suitable version of pyarrow or fastparquet is required for parquet support.
Trying to import the above resulted in these errors:
 - `Import pyarrow` failed. pyarrow is required for parquet support. Use pip or conda to install the pyarrow package.
 - `Import fastparquet` failed. fastparquet is required for parquet support. Use pip or conda to install the fastparquet package.
2026-04-14 21:54:06,062 | INFO | Environment variables loaded successfully.
2026-04-14 21:54:06,224 | INFO | Fetching price data for AAPL...
2026-04-14 21:54:07,298 | INFO | Price data processed for AAPL
2026-04-14 21:54:07,298 | INFO | Fetching overview for AAPL...
2026-04-14 21:54:07,746 | WARNING | Rate limit hit. Waiting 60 seconds...
2026-04-14 21:55:08,173 | INFO | Overview fetched for AAPL
2026-04-14 21:55:08,270 | INFO | Merged price + overview into all_data
2026-04-14 21:55:08,573 | INFO |     datetime     open    high     low   close    volume symbol  daily_return  price_range  prev_close  price_direction company_name      sector exchange
0 2025-11-18  269.990  270.71  265.32  267.44  45677278   AAPL      0.000000         5.39        0.00                0    Apple Inc  TECHNOLOGY   NASDAQ
1 2025-11-19  265.525  272.21  265.50  268.56  40424492   AAPL      0.418786         6.71      267.44                1    Apple Inc  TECHNOLOGY   NASDAQ
2 2025-11-20  270.830  275.43  265.92  266.25  45823568   AAPL     -0.860143         9.51      268.56                0    Apple Inc  TECHNOLOGY   NASDAQ
3 2025-11-21  265.950  273.33  265.67  271.49  59030832   AAPL      1.968075         7.66      266.25                1    Apple Inc  TECHNOLOGY   NASDAQ
4 2025-11-24  270.900  277.00  270.90  275.92  65585796   AAPL      1.631736         6.10      271.49                1    Apple Inc  TECHNOLOGY   NASDAQ
2026-04-14 21:55:08,575 | ERROR | Upload failed for raw/stock_prices/date=2026-04-14/prices.parquet: Unable to find a usable engine; tried using: 'pyarrow', 'fastparquet'.
A suitable version of pyarrow or fastparquet is required for parquet support.
Trying to import the above resulted in these errors:
 - `Import pyarrow` failed. pyarrow is required for parquet support. Use pip or conda to install the pyarrow package.
 - `Import fastparquet` failed. fastparquet is required for parquet support. Use pip or conda to install the fastparquet package.
2026-04-14 21:55:08,575 | CRITICAL | Pipeline failed: Unable to find a usable engine; tried using: 'pyarrow', 'fastparquet'.
A suitable version of pyarrow or fastparquet is required for parquet support.
Trying to import the above resulted in these errors:
 - `Import pyarrow` failed. pyarrow is required for parquet support. Use pip or conda to install the pyarrow package.
 - `Import fastparquet` failed. fastparquet is required for parquet support. Use pip or conda to install the fastparquet package.
2026-04-14 21:58:25,170 | INFO | Environment variables loaded successfully.
2026-04-14 21:58:25,196 | INFO | Fetching price data for AAPL...
2026-04-14 21:58:25,678 | INFO | Price data processed for AAPL
2026-04-14 21:58:25,679 | INFO | Fetching overview for AAPL...
2026-04-14 21:58:26,089 | WARNING | Rate limit hit. Waiting 60 seconds...
2026-04-14 21:59:26,512 | INFO | Overview fetched for AAPL
2026-04-14 21:59:26,517 | INFO | Merged price + overview into all_data
2026-04-14 21:59:26,525 | INFO |     datetime     open    high     low   close    volume symbol  daily_return  price_range  prev_close  price_direction company_name      sector exchange
0 2025-11-18  269.990  270.71  265.32  267.44  45677278   AAPL      0.000000         5.39        0.00                0    Apple Inc  TECHNOLOGY   NASDAQ
1 2025-11-19  265.525  272.21  265.50  268.56  40424492   AAPL      0.418786         6.71      267.44                1    Apple Inc  TECHNOLOGY   NASDAQ
2 2025-11-20  270.830  275.43  265.92  266.25  45823568   AAPL     -0.860143         9.51      268.56                0    Apple Inc  TECHNOLOGY   NASDAQ
3 2025-11-21  265.950  273.33  265.67  271.49  59030832   AAPL      1.968075         7.66      266.25                1    Apple Inc  TECHNOLOGY   NASDAQ
4 2025-11-24  270.900  277.00  270.90  275.92  65585796   AAPL      1.631736         6.10      271.49                1    Apple Inc  TECHNOLOGY   NASDAQ
2026-04-14 21:59:27,081 | ERROR | Upload failed for raw/stock_prices/date=2026-04-14/prices.parquet: Invalid base64-encoded string: number of data characters (21) cannot be 1 more than a multiple of 4
2026-04-14 21:59:27,081 | CRITICAL | Pipeline failed: Invalid base64-encoded string: number of data characters (21) cannot be 1 more than a multiple of 4
2026-04-15 22:01:16,969 | INFO | Environment variables loaded successfully.
2026-04-15 22:01:17,723 | INFO | Fetching price data for AAPL...
2026-04-15 22:01:26,882 | INFO | Price data processed for AAPL
2026-04-15 22:01:26,883 | INFO | Fetching overview for AAPL...
2026-04-15 22:01:27,731 | INFO | Overview fetched for AAPL
2026-04-15 22:01:27,833 | INFO | Merged price + overview into all_data
2026-04-15 22:01:27,972 | INFO |     datetime     open    high     low   close    volume symbol  daily_return  price_range  prev_close  price_direction company_name      sector exchange
0 2025-11-19  265.525  272.21  265.50  268.56  40424492   AAPL      0.000000         6.71        0.00                0    Apple Inc  TECHNOLOGY   NASDAQ
1 2025-11-20  270.830  275.43  265.92  266.25  45823568   AAPL     -0.860143         9.51      268.56                0    Apple Inc  TECHNOLOGY   NASDAQ
2 2025-11-21  265.950  273.33  265.67  271.49  59030832   AAPL      1.968075         7.66      266.25                1    Apple Inc  TECHNOLOGY   NASDAQ
3 2025-11-24  270.900  277.00  270.90  275.92  65585796   AAPL      1.631736         6.10      271.49                1    Apple Inc  TECHNOLOGY   NASDAQ
4 2025-11-25  275.270  280.38  275.25  276.97  46914220   AAPL      0.380545         5.13      275.92                1    Apple Inc  TECHNOLOGY   NASDAQ
2026-04-15 22:01:31,681 | ERROR | Upload failed for raw/stock_prices/date=2026-04-15/prices.parquet: Invalid base64-encoded string: number of data characters (21) cannot be 1 more than a multiple of 4
2026-04-15 22:01:31,682 | CRITICAL | Pipeline failed: Invalid base64-encoded string: number of data characters (21) cannot be 1 more than a multiple of 4
2026-04-15 22:02:58,972 | INFO | Environment variables loaded successfully.
2026-04-15 22:02:59,017 | INFO | Fetching price data for AAPL...
2026-04-15 22:03:00,379 | INFO | Price data processed for AAPL
2026-04-15 22:03:00,380 | INFO | Fetching overview for AAPL...
2026-04-15 22:03:01,021 | INFO | Overview fetched for AAPL
2026-04-15 22:03:01,040 | INFO | Merged price + overview into all_data
2026-04-15 22:03:01,073 | INFO |     datetime     open    high     low   close    volume symbol  daily_return  price_range  prev_close  price_direction company_name      sector exchange
0 2025-11-19  265.525  272.21  265.50  268.56  40424492   AAPL      0.000000         6.71        0.00                0    Apple Inc  TECHNOLOGY   NASDAQ
1 2025-11-20  270.830  275.43  265.92  266.25  45823568   AAPL     -0.860143         9.51      268.56                0    Apple Inc  TECHNOLOGY   NASDAQ
2 2025-11-21  265.950  273.33  265.67  271.49  59030832   AAPL      1.968075         7.66      266.25                1    Apple Inc  TECHNOLOGY   NASDAQ
3 2025-11-24  270.900  277.00  270.90  275.92  65585796   AAPL      1.631736         6.10      271.49                1    Apple Inc  TECHNOLOGY   NASDAQ
4 2025-11-25  275.270  280.38  275.25  276.97  46914220   AAPL      0.380545         5.13      275.92                1    Apple Inc  TECHNOLOGY   NASDAQ
2026-04-15 22:03:01,150 | ERROR | Upload failed for raw/stock_prices/date=2026-04-15/prices.parquet: Invalid base64-encoded string: number of data characters (21) cannot be 1 more than a multiple of 4
2026-04-15 22:03:01,175 | CRITICAL | Pipeline failed: Invalid base64-encoded string: number of data characters (21) cannot be 1 more than a multiple of 4
2026-04-15 22:23:04,255 | INFO | Environment variables loaded successfully.
2026-04-15 22:23:04,298 | INFO | Fetching price data for AAPL...
2026-04-15 22:23:05,231 | INFO | Price data processed for AAPL
2026-04-15 22:23:05,232 | INFO | Fetching overview for AAPL...
2026-04-15 22:23:05,972 | WARNING | Rate limit hit. Waiting 60 seconds...
2026-04-15 22:24:06,601 | INFO | Overview fetched for AAPL
2026-04-15 22:24:06,621 | INFO | Merged price + overview into all_data
2026-04-15 22:24:06,656 | INFO |     datetime     open    high     low   close    volume symbol  daily_return  price_range  prev_close  price_direction company_name      sector exchange
0 2025-11-19  265.525  272.21  265.50  268.56  40424492   AAPL      0.000000         6.71        0.00                0    Apple Inc  TECHNOLOGY   NASDAQ
1 2025-11-20  270.830  275.43  265.92  266.25  45823568   AAPL     -0.860143         9.51      268.56                0    Apple Inc  TECHNOLOGY   NASDAQ
2 2025-11-21  265.950  273.33  265.67  271.49  59030832   AAPL      1.968075         7.66      266.25                1    Apple Inc  TECHNOLOGY   NASDAQ
3 2025-11-24  270.900  277.00  270.90  275.92  65585796   AAPL      1.631736         6.10      271.49                1    Apple Inc  TECHNOLOGY   NASDAQ
4 2025-11-25  275.270  280.38  275.25  276.97  46914220   AAPL      0.380545         5.13      275.92                1    Apple Inc  TECHNOLOGY   NASDAQ
2026-04-15 22:24:06,776 | ERROR | Upload failed for raw/stock_prices/date=2026-04-15/prices.parquet: Invalid base64-encoded string: number of data characters (21) cannot be 1 more than a multiple of 4
2026-04-15 22:24:06,777 | CRITICAL | Pipeline failed: Invalid base64-encoded string: number of data characters (21) cannot be 1 more than a multiple of 4
2026-04-15 22:30:53,492 | INFO | Environment variables loaded successfully.
2026-04-15 22:30:53,684 | INFO | Fetching price data for AAPL...
2026-04-15 22:30:54,773 | INFO | Price data processed for AAPL
2026-04-15 22:30:54,774 | INFO | Fetching overview for AAPL...
2026-04-15 22:30:55,485 | WARNING | Rate limit hit. Waiting 60 seconds...
2026-04-15 22:31:56,223 | INFO | Overview fetched for AAPL
2026-04-15 22:31:56,255 | INFO | Merged price + overview into all_data
2026-04-15 22:31:56,289 | INFO |     datetime     open    high     low   close    volume symbol  daily_return  price_range  prev_close  price_direction company_name      sector exchange
0 2025-11-19  265.525  272.21  265.50  268.56  40424492   AAPL      0.000000         6.71        0.00                0    Apple Inc  TECHNOLOGY   NASDAQ
1 2025-11-20  270.830  275.43  265.92  266.25  45823568   AAPL     -0.860143         9.51      268.56                0    Apple Inc  TECHNOLOGY   NASDAQ
2 2025-11-21  265.950  273.33  265.67  271.49  59030832   AAPL      1.968075         7.66      266.25                1    Apple Inc  TECHNOLOGY   NASDAQ
3 2025-11-24  270.900  277.00  270.90  275.92  65585796   AAPL      1.631736         6.10      271.49                1    Apple Inc  TECHNOLOGY   NASDAQ
4 2025-11-25  275.270  280.38  275.25  276.97  46914220   AAPL      0.380545         5.13      275.92                1    Apple Inc  TECHNOLOGY   NASDAQ
2026-04-15 22:31:56,360 | ERROR | Upload failed for raw/stock_prices/date=2026-04-15/prices.parquet: Invalid base64-encoded string: number of data characters (21) cannot be 1 more than a multiple of 4
2026-04-15 22:31:56,362 | CRITICAL | Pipeline failed: Invalid base64-encoded string: number of data characters (21) cannot be 1 more than a multiple of 4
2026-04-15 22:33:56,689 | INFO | Environment variables loaded successfully.
2026-04-15 22:33:56,769 | INFO | Fetching price data for AAPL...
2026-04-15 22:33:57,650 | INFO | Price data processed for AAPL
2026-04-15 22:33:57,651 | INFO | Fetching overview for AAPL...
2026-04-15 22:33:58,579 | WARNING | Rate limit hit. Waiting 60 seconds...
2026-04-15 22:34:59,255 | INFO | Overview fetched for AAPL
2026-04-15 22:34:59,280 | INFO | Merged price + overview into all_data
2026-04-15 22:34:59,327 | INFO |     datetime     open    high     low   close    volume symbol  daily_return  price_range  prev_close  price_direction company_name      sector exchange
0 2025-11-19  265.525  272.21  265.50  268.56  40424492   AAPL      0.000000         6.71        0.00                0    Apple Inc  TECHNOLOGY   NASDAQ
1 2025-11-20  270.830  275.43  265.92  266.25  45823568   AAPL     -0.860143         9.51      268.56                0    Apple Inc  TECHNOLOGY   NASDAQ
2 2025-11-21  265.950  273.33  265.67  271.49  59030832   AAPL      1.968075         7.66      266.25                1    Apple Inc  TECHNOLOGY   NASDAQ
3 2025-11-24  270.900  277.00  270.90  275.92  65585796   AAPL      1.631736         6.10      271.49                1    Apple Inc  TECHNOLOGY   NASDAQ
4 2025-11-25  275.270  280.38  275.25  276.97  46914220   AAPL      0.380545         5.13      275.92                1    Apple Inc  TECHNOLOGY   NASDAQ
2026-04-15 22:34:59,392 | ERROR | Upload failed for raw/stock_prices/date=2026-04-15/prices.parquet: Invalid base64-encoded string: number of data characters (21) cannot be 1 more than a multiple of 4
2026-04-15 22:34:59,394 | CRITICAL | Pipeline failed: Invalid base64-encoded string: number of data characters (21) cannot be 1 more than a multiple of 4
2026-04-15 22:54:19,979 | INFO | Environment variables loaded successfully.
2026-04-15 22:54:20,045 | INFO | Fetching price data for AAPL...
2026-04-15 22:54:20,793 | INFO | Price data processed for AAPL
2026-04-15 22:54:20,794 | INFO | Fetching overview for AAPL...
2026-04-15 22:54:21,400 | WARNING | Rate limit hit. Waiting 60 seconds...
2026-04-15 22:55:22,194 | INFO | Overview fetched for AAPL
2026-04-15 22:55:22,219 | INFO | Merged price + overview into all_data
2026-04-15 22:55:22,270 | INFO |     datetime     open    high     low   close    volume symbol  daily_return  price_range  prev_close  price_direction company_name      sector exchange
0 2025-11-19  265.525  272.21  265.50  268.56  40424492   AAPL      0.000000         6.71        0.00                0    Apple Inc  TECHNOLOGY   NASDAQ
1 2025-11-20  270.830  275.43  265.92  266.25  45823568   AAPL     -0.860143         9.51      268.56                0    Apple Inc  TECHNOLOGY   NASDAQ
2 2025-11-21  265.950  273.33  265.67  271.49  59030832   AAPL      1.968075         7.66      266.25                1    Apple Inc  TECHNOLOGY   NASDAQ
3 2025-11-24  270.900  277.00  270.90  275.92  65585796   AAPL      1.631736         6.10      271.49                1    Apple Inc  TECHNOLOGY   NASDAQ
4 2025-11-25  275.270  280.38  275.25  276.97  46914220   AAPL      0.380545         5.13      275.92                1    Apple Inc  TECHNOLOGY   NASDAQ
2026-04-15 22:55:22,356 | ERROR | Upload failed for raw/stock_prices/date=2026-04-15/prices.parquet: Invalid base64-encoded string: number of data characters (21) cannot be 1 more than a multiple of 4
2026-04-15 22:55:22,357 | CRITICAL | Pipeline failed: Invalid base64-encoded string: number of data characters (21) cannot be 1 more than a multiple of 4
2026-04-15 22:58:58,466 | INFO | Environment variables loaded successfully.
2026-04-15 22:58:58,541 | INFO | Fetching price data for AAPL...
2026-04-15 22:58:59,388 | INFO | Price data processed for AAPL
2026-04-15 22:58:59,389 | INFO | Fetching overview for AAPL...
2026-04-15 22:59:00,358 | WARNING | Rate limit hit. Waiting 60 seconds...
2026-04-15 23:00:01,178 | INFO | Overview fetched for AAPL
2026-04-15 23:00:01,197 | INFO | Merged price + overview into all_data
2026-04-15 23:00:01,225 | INFO |     datetime     open    high     low   close    volume symbol  daily_return  price_range  prev_close  price_direction company_name      sector exchange
0 2025-11-19  265.525  272.21  265.50  268.56  40424492   AAPL      0.000000         6.71        0.00                0    Apple Inc  TECHNOLOGY   NASDAQ
1 2025-11-20  270.830  275.43  265.92  266.25  45823568   AAPL     -0.860143         9.51      268.56                0    Apple Inc  TECHNOLOGY   NASDAQ
2 2025-11-21  265.950  273.33  265.67  271.49  59030832   AAPL      1.968075         7.66      266.25                1    Apple Inc  TECHNOLOGY   NASDAQ
3 2025-11-24  270.900  277.00  270.90  275.92  65585796   AAPL      1.631736         6.10      271.49                1    Apple Inc  TECHNOLOGY   NASDAQ
4 2025-11-25  275.270  280.38  275.25  276.97  46914220   AAPL      0.380545         5.13      275.92                1    Apple Inc  TECHNOLOGY   NASDAQ
2026-04-15 23:00:01,290 | ERROR | Upload failed for raw/stock_prices/date=2026-04-15/prices.parquet: Invalid base64-encoded string: number of data characters (21) cannot be 1 more than a multiple of 4
2026-04-15 23:00:01,291 | CRITICAL | Pipeline failed: Invalid base64-encoded string: number of data characters (21) cannot be 1 more than a multiple of 4
2026-04-15 23:39:07,369 | INFO | Environment variables loaded successfully.
2026-04-15 23:39:07,395 | INFO | Fetching price data for AAPL...
2026-04-15 23:39:07,937 | INFO | Price data processed for AAPL
2026-04-15 23:39:07,937 | INFO | Fetching overview for AAPL...
2026-04-15 23:39:08,340 | WARNING | Rate limit hit. Waiting 60 seconds...
2026-04-15 23:40:08,747 | INFO | Overview fetched for AAPL
2026-04-15 23:40:08,751 | INFO | Merged price + overview into all_data
2026-04-15 23:40:08,758 | INFO |     datetime     open    high     low   close    volume symbol  daily_return  price_range  prev_close  price_direction company_name      sector exchange
0 2025-11-19  265.525  272.21  265.50  268.56  40424492   AAPL      0.000000         6.71        0.00                0    Apple Inc  TECHNOLOGY   NASDAQ
1 2025-11-20  270.830  275.43  265.92  266.25  45823568   AAPL     -0.860143         9.51      268.56                0    Apple Inc  TECHNOLOGY   NASDAQ
2 2025-11-21  265.950  273.33  265.67  271.49  59030832   AAPL      1.968075         7.66      266.25                1    Apple Inc  TECHNOLOGY   NASDAQ
3 2025-11-24  270.900  277.00  270.90  275.92  65585796   AAPL      1.631736         6.10      271.49                1    Apple Inc  TECHNOLOGY   NASDAQ
4 2025-11-25  275.270  280.38  275.25  276.97  46914220   AAPL      0.380545         5.13      275.92                1    Apple Inc  TECHNOLOGY   NASDAQ
2026-04-15 23:40:08,779 | INFO | Request URL: 'https://alphadatalake.blob.core.windows.net/stockmarket/raw/stock_prices/date%3D2026-04-15/prices.parquet'
Request method: 'PUT'
Request headers:
    'Content-Length': '13072'
    'x-ms-blob-type': 'REDACTED'
    'x-ms-version': 'REDACTED'
    'Content-Type': 'application/octet-stream'
    'Accept': 'application/xml'
    'User-Agent': 'azsdk-python-storage-blob/12.28.0 Python/3.14.0 (Windows-10-10.0.19045-SP0)'
    'x-ms-date': 'REDACTED'
    'x-ms-client-request-id': '0e594220-391c-11f1-b8ac-900f0cc9f392'
    'Authorization': 'REDACTED'
A body is sent with the request
2026-04-15 23:40:09,443 | INFO | Response status: 201
Response headers:
    'Content-Length': '0'
    'Content-MD5': 'REDACTED'
    'Last-Modified': 'Wed, 15 Apr 2026 22:40:09 GMT'
    'ETag': '"0x8DE9B3FF3359410"'
    'Server': 'Windows-Azure-Blob/1.0 Microsoft-HTTPAPI/2.0'
    'x-ms-request-id': '6f3f6c96-301e-00d5-4d28-cd2a24000000'
    'x-ms-client-request-id': '0e594220-391c-11f1-b8ac-900f0cc9f392'
    'x-ms-version': 'REDACTED'
    'x-ms-content-crc64': 'REDACTED'
    'x-ms-request-server-encrypted': 'REDACTED'
    'Date': 'Wed, 15 Apr 2026 22:40:09 GMT'
2026-04-15 23:40:09,444 | INFO | Uploaded -> raw/stock_prices/date=2026-04-15/prices.parquet
2026-04-15 23:40:09,446 | INFO | Request URL: 'https://alphadatalake.blob.core.windows.net/stockmarket/raw/stock_overview/date%3D2026-04-15/overview.parquet'
Request method: 'PUT'
Request headers:
    'Content-Length': '2731'
    'x-ms-blob-type': 'REDACTED'
    'x-ms-version': 'REDACTED'
    'Content-Type': 'application/octet-stream'
    'Accept': 'application/xml'
    'User-Agent': 'azsdk-python-storage-blob/12.28.0 Python/3.14.0 (Windows-10-10.0.19045-SP0)'
    'x-ms-date': 'REDACTED'
    'x-ms-client-request-id': '0ebf0451-391c-11f1-a464-900f0cc9f392'
    'Authorization': 'REDACTED'
A body is sent with the request
2026-04-15 23:40:09,542 | INFO | Response status: 201
Response headers:
    'Content-Length': '0'
    'Content-MD5': 'REDACTED'
    'Last-Modified': 'Wed, 15 Apr 2026 22:40:10 GMT'
    'ETag': '"0x8DE9B3FF34EED1C"'
    'Server': 'Windows-Azure-Blob/1.0 Microsoft-HTTPAPI/2.0'
    'x-ms-request-id': '6f3f6cfd-301e-00d5-1d28-cd2a24000000'
    'x-ms-client-request-id': '0ebf0451-391c-11f1-a464-900f0cc9f392'
    'x-ms-version': 'REDACTED'
    'x-ms-content-crc64': 'REDACTED'
    'x-ms-request-server-encrypted': 'REDACTED'
    'Date': 'Wed, 15 Apr 2026 22:40:09 GMT'
2026-04-15 23:40:09,543 | INFO | Uploaded -> raw/stock_overview/date=2026-04-15/overview.parquet
2026-04-15 23:40:09,547 | INFO | Request URL: 'https://alphadatalake.blob.core.windows.net/stockmarket/curated/all_data/date%3D2026-04-15/all_data.parquet'
Request method: 'PUT'
Request headers:
    'Content-Length': '14679'
    'x-ms-blob-type': 'REDACTED'
    'x-ms-version': 'REDACTED'
    'Content-Type': 'application/octet-stream'
    'Accept': 'application/xml'
    'User-Agent': 'azsdk-python-storage-blob/12.28.0 Python/3.14.0 (Windows-10-10.0.19045-SP0)'
    'x-ms-date': 'REDACTED'
    'x-ms-client-request-id': '0ece5d24-391c-11f1-a787-900f0cc9f392'
    'Authorization': 'REDACTED'
A body is sent with the request
2026-04-15 23:40:09,651 | INFO | Response status: 201
Response headers:
    'Content-Length': '0'
    'Content-MD5': 'REDACTED'
    'Last-Modified': 'Wed, 15 Apr 2026 22:40:10 GMT'
    'ETag': '"0x8DE9B3FF360BB44"'
    'Server': 'Windows-Azure-Blob/1.0 Microsoft-HTTPAPI/2.0'
    'x-ms-request-id': '6f3f6d24-301e-00d5-4028-cd2a24000000'
    'x-ms-client-request-id': '0ece5d24-391c-11f1-a787-900f0cc9f392'
    'x-ms-version': 'REDACTED'
    'x-ms-content-crc64': 'REDACTED'
    'x-ms-request-server-encrypted': 'REDACTED'
    'Date': 'Wed, 15 Apr 2026 22:40:09 GMT'
2026-04-15 23:40:09,652 | INFO | Uploaded -> curated/all_data/date=2026-04-15/all_data.parquet
2026-04-15 23:40:09,652 | INFO | Pipeline completed successfully for 2026-04-15.
2026-04-17 00:47:41,794 | INFO | Environment variables loaded successfully.
2026-04-17 00:47:42,388 | INFO | Fetching price data for AAPL...
2026-04-17 00:47:46,574 | INFO | Price data processed for AAPL
2026-04-17 00:47:46,575 | INFO | Fetching overview for AAPL...
2026-04-17 00:47:47,561 | INFO | Overview fetched for AAPL
2026-04-17 00:47:47,704 | INFO | Merged price + overview into all_data
2026-04-17 00:47:47,759 | INFO |     datetime    open    high     low   close    volume symbol  daily_return  price_range  prev_close  price_direction company_name      sector exchange
0 2025-11-20  270.83  275.43  265.92  266.25  45823568   AAPL      0.000000         9.51        0.00                0    Apple Inc  TECHNOLOGY   NASDAQ
1 2025-11-21  265.95  273.33  265.67  271.49  59030832   AAPL      1.968075         7.66      266.25                1    Apple Inc  TECHNOLOGY   NASDAQ
2 2025-11-24  270.90  277.00  270.90  275.92  65585796   AAPL      1.631736         6.10      271.49                1    Apple Inc  TECHNOLOGY   NASDAQ
3 2025-11-25  275.27  280.38  275.25  276.97  46914220   AAPL      0.380545         5.13      275.92                1    Apple Inc  TECHNOLOGY   NASDAQ
4 2025-11-26  276.96  279.53  276.63  277.55  33431423   AAPL      0.209409         2.90      276.97                1    Apple Inc  TECHNOLOGY   NASDAQ
2026-04-17 00:47:49,782 | INFO | Request URL: 'https://alphadatalake.blob.core.windows.net/stockmarket/raw/stock_prices/date%3D2026-04-17/prices.parquet'
Request method: 'PUT'
Request headers:
    'Content-Length': '13071'
    'x-ms-blob-type': 'REDACTED'
    'x-ms-version': 'REDACTED'
    'Content-Type': 'application/octet-stream'
    'Accept': 'application/xml'
    'User-Agent': 'azsdk-python-storage-blob/12.28.0 Python/3.14.0 (Windows-10-10.0.19045-SP0)'
    'x-ms-date': 'REDACTED'
    'x-ms-client-request-id': 'ad4d74c8-39ee-11f1-80d1-900f0cc9f392'
    'Authorization': 'REDACTED'
A body is sent with the request
2026-04-17 00:48:07,824 | INFO | Request URL: 'https://alphadatalake.blob.core.windows.net/stockmarket/raw/stock_prices/date%3D2026-04-17/prices.parquet'
Request method: 'PUT'
Request headers:
    'Content-Length': '13071'
    'x-ms-blob-type': 'REDACTED'
    'x-ms-version': 'REDACTED'
    'Content-Type': 'application/octet-stream'
    'Accept': 'application/xml'
    'User-Agent': 'azsdk-python-storage-blob/12.28.0 Python/3.14.0 (Windows-10-10.0.19045-SP0)'
    'x-ms-date': 'REDACTED'
    'x-ms-client-request-id': 'b80fe26d-39ee-11f1-8859-900f0cc9f392'
    'Authorization': 'REDACTED'
A body is sent with the request
2026-04-17 00:48:08,347 | INFO | Response status: 404
Response headers:
    'Content-Length': '225'
    'Content-Type': 'application/xml'
    'Server': 'Windows-Azure-Blob/1.0 Microsoft-HTTPAPI/2.0'
    'x-ms-request-id': '28c8600d-801e-000b-7bfb-cd3ec2000000'
    'x-ms-client-request-id': 'b80fe26d-39ee-11f1-8859-900f0cc9f392'
    'x-ms-version': 'REDACTED'
    'x-ms-error-code': 'ContainerNotFound'
    'Date': 'Thu, 16 Apr 2026 23:48:08 GMT'
2026-04-17 00:48:08,535 | ERROR | Upload failed for raw/stock_prices/date=2026-04-17/prices.parquet: The specified container does not exist.
RequestId:28c8600d-801e-000b-7bfb-cd3ec2000000
Time:2026-04-16T23:48:09.1194414Z
ErrorCode:ContainerNotFound
Content: <?xml version="1.0" encoding="utf-8"?><Error><Code>ContainerNotFound</Code><Message>The specified container does not exist.
RequestId:28c8600d-801e-000b-7bfb-cd3ec2000000
Time:2026-04-16T23:48:09.1194414Z</Message></Error>
2026-04-17 00:48:08,536 | CRITICAL | Pipeline failed: The specified container does not exist.
RequestId:28c8600d-801e-000b-7bfb-cd3ec2000000
Time:2026-04-16T23:48:09.1194414Z
ErrorCode:ContainerNotFound
Content: <?xml version="1.0" encoding="utf-8"?><Error><Code>ContainerNotFound</Code><Message>The specified container does not exist.
RequestId:28c8600d-801e-000b-7bfb-cd3ec2000000
Time:2026-04-16T23:48:09.1194414Z</Message></Error>
2026-04-17 00:55:43,533 | INFO | Environment variables loaded successfully.
2026-04-17 00:55:43,560 | INFO | Fetching price data for AAPL...
2026-04-17 00:55:44,133 | INFO | Price data processed for AAPL
2026-04-17 00:55:44,134 | INFO | Fetching overview for AAPL...
2026-04-17 00:55:44,531 | WARNING | Rate limit hit. Waiting 60 seconds...
2026-04-17 00:56:44,933 | INFO | Overview fetched for AAPL
2026-04-17 00:56:44,937 | INFO | Merged price + overview into all_data
2026-04-17 00:56:44,943 | INFO |     datetime    open    high     low   close    volume symbol  daily_return  price_range  prev_close  price_direction company_name      sector exchange
0 2025-11-20  270.83  275.43  265.92  266.25  45823568   AAPL      0.000000         9.51        0.00                0    Apple Inc  TECHNOLOGY   NASDAQ
1 2025-11-21  265.95  273.33  265.67  271.49  59030832   AAPL      1.968075         7.66      266.25                1    Apple Inc  TECHNOLOGY   NASDAQ
2 2025-11-24  270.90  277.00  270.90  275.92  65585796   AAPL      1.631736         6.10      271.49                1    Apple Inc  TECHNOLOGY   NASDAQ
3 2025-11-25  275.27  280.38  275.25  276.97  46914220   AAPL      0.380545         5.13      275.92                1    Apple Inc  TECHNOLOGY   NASDAQ
4 2025-11-26  276.96  279.53  276.63  277.55  33431423   AAPL      0.209409         2.90      276.97                1    Apple Inc  TECHNOLOGY   NASDAQ
2026-04-17 00:56:44,961 | INFO | Request URL: 'https://alphadatalake.blob.core.windows.net/stockmarket/raw/stock_prices/date%3D2026-04-17/prices.parquet'
Request method: 'PUT'
Request headers:
    'Content-Length': '13071'
    'x-ms-blob-type': 'REDACTED'
    'x-ms-version': 'REDACTED'
    'Content-Type': 'application/octet-stream'
    'Accept': 'application/xml'
    'User-Agent': 'azsdk-python-storage-blob/12.28.0 Python/3.14.0 (Windows-10-10.0.19045-SP0)'
    'x-ms-date': 'REDACTED'
    'x-ms-client-request-id': 'ec4ca4ce-39ef-11f1-b84d-900f0cc9f392'
    'Authorization': 'REDACTED'
A body is sent with the request
2026-04-17 00:56:45,469 | INFO | Response status: 201
Response headers:
    'Content-Length': '0'
    'Content-MD5': 'REDACTED'
    'Last-Modified': 'Thu, 16 Apr 2026 23:56:46 GMT'
    'ETag': '"0x8DE9C13D14DA77C"'
    'Server': 'Windows-Azure-Blob/1.0 Microsoft-HTTPAPI/2.0'
    'x-ms-request-id': 'fb430c1d-001e-00f1-60fc-cddc84000000'
    'x-ms-client-request-id': 'ec4ca4ce-39ef-11f1-b84d-900f0cc9f392'
    'x-ms-version': 'REDACTED'
    'x-ms-content-crc64': 'REDACTED'
    'x-ms-request-server-encrypted': 'REDACTED'
    'Date': 'Thu, 16 Apr 2026 23:56:45 GMT'
2026-04-17 00:56:45,470 | INFO | Uploaded -> raw/stock_prices/date=2026-04-17/prices.parquet
2026-04-17 00:56:45,472 | INFO | Request URL: 'https://alphadatalake.blob.core.windows.net/stockmarket/raw/stock_overview/date%3D2026-04-17/overview.parquet'
Request method: 'PUT'
Request headers:
    'Content-Length': '2731'
    'x-ms-blob-type': 'REDACTED'
    'x-ms-version': 'REDACTED'
    'Content-Type': 'application/octet-stream'
    'Accept': 'application/xml'
    'User-Agent': 'azsdk-python-storage-blob/12.28.0 Python/3.14.0 (Windows-10-10.0.19045-SP0)'
    'x-ms-date': 'REDACTED'
    'x-ms-client-request-id': 'ec9a9e75-39ef-11f1-aec3-900f0cc9f392'
    'Authorization': 'REDACTED'
A body is sent with the request
2026-04-17 00:56:45,565 | INFO | Response status: 201
Response headers:
    'Content-Length': '0'
    'Content-MD5': 'REDACTED'
    'Last-Modified': 'Thu, 16 Apr 2026 23:56:46 GMT'
    'ETag': '"0x8DE9C13D16260D0"'
    'Server': 'Windows-Azure-Blob/1.0 Microsoft-HTTPAPI/2.0'
    'x-ms-request-id': 'fb430c58-001e-00f1-10fc-cddc84000000'
    'x-ms-client-request-id': 'ec9a9e75-39ef-11f1-aec3-900f0cc9f392'
    'x-ms-version': 'REDACTED'
    'x-ms-content-crc64': 'REDACTED'
    'x-ms-request-server-encrypted': 'REDACTED'
    'Date': 'Thu, 16 Apr 2026 23:56:45 GMT'
2026-04-17 00:56:45,566 | INFO | Uploaded -> raw/stock_overview/date=2026-04-17/overview.parquet
2026-04-17 00:56:45,571 | INFO | Request URL: 'https://alphadatalake.blob.core.windows.net/stockmarket/curated/all_data/date%3D2026-04-17/all_data.parquet'
Request method: 'PUT'
Request headers:
    'Content-Length': '14678'
    'x-ms-blob-type': 'REDACTED'
    'x-ms-version': 'REDACTED'
    'Content-Type': 'application/octet-stream'
    'Accept': 'application/xml'
    'User-Agent': 'azsdk-python-storage-blob/12.28.0 Python/3.14.0 (Windows-10-10.0.19045-SP0)'
    'x-ms-date': 'REDACTED'
    'x-ms-client-request-id': 'eca9b7ac-39ef-11f1-9386-900f0cc9f392'
    'Authorization': 'REDACTED'
A body is sent with the request
2026-04-17 00:56:45,666 | INFO | Response status: 201
Response headers:
    'Content-Length': '0'
    'Content-MD5': 'REDACTED'
    'Last-Modified': 'Thu, 16 Apr 2026 23:56:46 GMT'
    'ETag': '"0x8DE9C13D171C788"'
    'Server': 'Windows-Azure-Blob/1.0 Microsoft-HTTPAPI/2.0'
    'x-ms-request-id': 'fb430c78-001e-00f1-28fc-cddc84000000'
    'x-ms-client-request-id': 'eca9b7ac-39ef-11f1-9386-900f0cc9f392'
    'x-ms-version': 'REDACTED'
    'x-ms-content-crc64': 'REDACTED'
    'x-ms-request-server-encrypted': 'REDACTED'
    'Date': 'Thu, 16 Apr 2026 23:56:45 GMT'
2026-04-17 00:56:45,668 | INFO | Uploaded -> curated/all_data/date=2026-04-17/all_data.parquet
2026-04-17 00:56:45,668 | INFO | Pipeline completed successfully for 2026-04-17.
2026-04-17 01:09:06,886 | INFO | Environment variables loaded successfully.
2026-04-17 01:09:06,914 | INFO | Fetching price data for AAPL...
2026-04-17 01:09:07,479 | INFO | Price data processed for AAPL
2026-04-17 01:09:07,479 | INFO | Fetching overview for AAPL...
2026-04-17 01:09:07,889 | WARNING | Rate limit hit. Waiting 60 seconds...
2026-04-17 01:10:08,331 | INFO | Overview fetched for AAPL
2026-04-17 01:10:08,335 | INFO | Merged price + overview into all_data
2026-04-17 01:10:08,342 | INFO |     datetime    open    high     low   close    volume symbol  daily_return  price_range  prev_close  price_direction company_name      sector exchange
0 2025-11-20  270.83  275.43  265.92  266.25  45823568   AAPL      0.000000         9.51        0.00                0    Apple Inc  TECHNOLOGY   NASDAQ
1 2025-11-21  265.95  273.33  265.67  271.49  59030832   AAPL      1.968075         7.66      266.25                1    Apple Inc  TECHNOLOGY   NASDAQ
2 2025-11-24  270.90  277.00  270.90  275.92  65585796   AAPL      1.631736         6.10      271.49                1    Apple Inc  TECHNOLOGY   NASDAQ
3 2025-11-25  275.27  280.38  275.25  276.97  46914220   AAPL      0.380545         5.13      275.92                1    Apple Inc  TECHNOLOGY   NASDAQ
4 2025-11-26  276.96  279.53  276.63  277.55  33431423   AAPL      0.209409         2.90      276.97                1    Apple Inc  TECHNOLOGY   NASDAQ
2026-04-17 01:10:08,410 | INFO | Request URL: 'https://alphadatalake.blob.core.windows.net/stockmarket/raw/stock_prices/date%3D2026-04-17/prices.parquet'
Request method: 'PUT'
Request headers:
    'Content-Length': '13071'
    'x-ms-blob-type': 'REDACTED'
    'x-ms-version': 'REDACTED'
    'Content-Type': 'application/octet-stream'
    'Accept': 'application/xml'
    'User-Agent': 'azsdk-python-storage-blob/12.28.0 Python/3.14.0 (Windows-10-10.0.19045-SP0)'
    'x-ms-date': 'REDACTED'
    'x-ms-client-request-id': 'cb3137fe-39f1-11f1-9e08-900f0cc9f392'
    'Authorization': 'REDACTED'
A body is sent with the request
2026-04-17 01:10:08,881 | INFO | Response status: 201
Response headers:
    'Content-Length': '0'
    'Content-MD5': 'REDACTED'
    'Last-Modified': 'Fri, 17 Apr 2026 00:10:09 GMT'
    'ETag': '"0x8DE9C15B032A920"'
    'Server': 'Windows-Azure-Blob/1.0 Microsoft-HTTPAPI/2.0'
    'x-ms-request-id': 'cea54fce-c01e-00ee-4cfe-cd6f80000000'
    'x-ms-client-request-id': 'cb3137fe-39f1-11f1-9e08-900f0cc9f392'
    'x-ms-version': 'REDACTED'
    'x-ms-content-crc64': 'REDACTED'
    'x-ms-request-server-encrypted': 'REDACTED'
    'Date': 'Fri, 17 Apr 2026 00:10:09 GMT'
2026-04-17 01:10:08,882 | INFO | Uploaded -> raw/stock_prices/date=2026-04-17/prices.parquet
2026-04-17 01:10:08,885 | INFO | Request URL: 'https://alphadatalake.blob.core.windows.net/stockmarket/raw/stock_overview/date%3D2026-04-17/overview.parquet'
Request method: 'PUT'
Request headers:
    'Content-Length': '2731'
    'x-ms-blob-type': 'REDACTED'
    'x-ms-version': 'REDACTED'
    'Content-Type': 'application/octet-stream'
    'Accept': 'application/xml'
    'User-Agent': 'azsdk-python-storage-blob/12.28.0 Python/3.14.0 (Windows-10-10.0.19045-SP0)'
    'x-ms-date': 'REDACTED'
    'x-ms-client-request-id': 'cb79c32f-39f1-11f1-8531-900f0cc9f392'
    'Authorization': 'REDACTED'
A body is sent with the request
2026-04-17 01:10:08,964 | INFO | Response status: 201
Response headers:
    'Content-Length': '0'
    'Content-MD5': 'REDACTED'
    'Last-Modified': 'Fri, 17 Apr 2026 00:10:09 GMT'
    'ETag': '"0x8DE9C15B03FE850"'
    'Server': 'Windows-Azure-Blob/1.0 Microsoft-HTTPAPI/2.0'
    'x-ms-request-id': 'cea55023-c01e-00ee-15fe-cd6f80000000'
    'x-ms-client-request-id': 'cb79c32f-39f1-11f1-8531-900f0cc9f392'
    'x-ms-version': 'REDACTED'
    'x-ms-content-crc64': 'REDACTED'
    'x-ms-request-server-encrypted': 'REDACTED'
    'Date': 'Fri, 17 Apr 2026 00:10:09 GMT'
2026-04-17 01:10:08,966 | INFO | Uploaded -> raw/stock_overview/date=2026-04-17/overview.parquet
2026-04-17 01:10:08,970 | INFO | Request URL: 'https://alphadatalake.blob.core.windows.net/stockmarket/curated/all_data/date%3D2026-04-17/all_data.parquet'
Request method: 'PUT'
Request headers:
    'Content-Length': '14678'
    'x-ms-blob-type': 'REDACTED'
    'x-ms-version': 'REDACTED'
    'Content-Type': 'application/octet-stream'
    'Accept': 'application/xml'
    'User-Agent': 'azsdk-python-storage-blob/12.28.0 Python/3.14.0 (Windows-10-10.0.19045-SP0)'
    'x-ms-date': 'REDACTED'
    'x-ms-client-request-id': 'cb86c637-39f1-11f1-9a73-900f0cc9f392'
    'Authorization': 'REDACTED'
A body is sent with the request
2026-04-17 01:10:09,064 | INFO | Response status: 201
Response headers:
    'Content-Length': '0'
    'Content-MD5': 'REDACTED'
    'Last-Modified': 'Fri, 17 Apr 2026 00:10:09 GMT'
    'ETag': '"0x8DE9C15B04EA7B0"'
    'Server': 'Windows-Azure-Blob/1.0 Microsoft-HTTPAPI/2.0'
    'x-ms-request-id': 'cea55060-c01e-00ee-4bfe-cd6f80000000'
    'x-ms-client-request-id': 'cb86c637-39f1-11f1-9a73-900f0cc9f392'
    'x-ms-version': 'REDACTED'
    'x-ms-content-crc64': 'REDACTED'
    'x-ms-request-server-encrypted': 'REDACTED'
    'Date': 'Fri, 17 Apr 2026 00:10:09 GMT'
2026-04-17 01:10:09,065 | INFO | Uploaded -> curated/all_data/date=2026-04-17/all_data.parquet
2026-04-17 01:10:09,065 | INFO | Pipeline completed successfully for 2026-04-17.
2026-04-17 01:38:39,777 | INFO | Environment variables loaded successfully.
2026-04-17 01:38:49,008 | INFO | Fetching price data for AAPL...
2026-04-17 01:38:54,043 | INFO | Price data processed for AAPL
2026-04-17 01:38:54,043 | INFO | Fetching overview for AAPL...
2026-04-17 01:38:54,485 | INFO | Overview fetched for AAPL
2026-04-17 01:38:54,677 | INFO | Merged price + overview into all_data
2026-04-17 01:38:54,730 | INFO |      datetime    open    high     low   close    volume symbol  daily_return  price_range  prev_close  price_direction company_name      sector exchange
0  2025-11-20  270.83  275.43  265.92  266.25  45823568   AAPL      0.000000         9.51        0.00                0    Apple Inc  TECHNOLOGY   NASDAQ
1  2025-11-21  265.95  273.33  265.67  271.49  59030832   AAPL      1.968075         7.66      266.25                1    Apple Inc  TECHNOLOGY   NASDAQ
2  2025-11-24  270.90  277.00  270.90  275.92  65585796   AAPL      1.631736         6.10      271.49                1    Apple Inc  TECHNOLOGY   NASDAQ
3  2025-11-25  275.27  280.38  275.25  276.97  46914220   AAPL      0.380545         5.13      275.92                1    Apple Inc  TECHNOLOGY   NASDAQ
4  2025-11-26  276.96  279.53  276.63  277.55  33431423   AAPL      0.209409         2.90      276.97                1    Apple Inc  TECHNOLOGY   NASDAQ
2026-04-17 01:38:57,445 | INFO | Request URL: 'https://alphadatalake.blob.core.windows.net/stockmarket/raw/stock_prices/date%3D2026-04-17/prices.parquet'
Request method: 'PUT'
Request headers:
    'Content-Length': '12774'
    'x-ms-blob-type': 'REDACTED'
    'x-ms-version': 'REDACTED'
    'Content-Type': 'application/octet-stream'
    'Accept': 'application/xml'
    'User-Agent': 'azsdk-python-storage-blob/12.28.0 Python/3.14.0 (Windows-10-10.0.19045-SP0)'
    'x-ms-date': 'REDACTED'
    'x-ms-client-request-id': 'd1bee080-39f5-11f1-b32f-900f0cc9f392'
    'Authorization': 'REDACTED'
A body is sent with the request
2026-04-17 01:38:58,044 | INFO | Response status: 201
Response headers:
    'Content-Length': '0'
    'Content-MD5': 'REDACTED'
    'Last-Modified': 'Fri, 17 Apr 2026 00:38:58 GMT'
    'ETag': '"0x8DE9C19B6D8FB2C"'
    'Server': 'Windows-Azure-Blob/1.0 Microsoft-HTTPAPI/2.0'
    'x-ms-request-id': '8ad8e2f1-701e-00d4-5902-ce75f8000000'
    'x-ms-client-request-id': 'd1bee080-39f5-11f1-b32f-900f0cc9f392'
    'x-ms-version': 'REDACTED'
    'x-ms-content-crc64': 'REDACTED'
    'x-ms-request-server-encrypted': 'REDACTED'
    'Date': 'Fri, 17 Apr 2026 00:38:58 GMT'
2026-04-17 01:38:58,045 | INFO | Uploaded -> raw/stock_prices/date=2026-04-17/prices.parquet
2026-04-17 01:38:58,047 | INFO | Request URL: 'https://alphadatalake.blob.core.windows.net/stockmarket/raw/stock_overview/date%3D2026-04-17/overview.parquet'
Request method: 'PUT'
Request headers:
    'Content-Length': '2731'
    'x-ms-blob-type': 'REDACTED'
    'x-ms-version': 'REDACTED'
    'Content-Type': 'application/octet-stream'
    'Accept': 'application/xml'
    'User-Agent': 'azsdk-python-storage-blob/12.28.0 Python/3.14.0 (Windows-10-10.0.19045-SP0)'
    'x-ms-date': 'REDACTED'
    'x-ms-client-request-id': 'd222fdd6-39f5-11f1-a294-900f0cc9f392'
    'Authorization': 'REDACTED'
A body is sent with the request
2026-04-17 01:38:58,115 | INFO | Response status: 201
Response headers:
    'Content-Length': '0'
    'Content-MD5': 'REDACTED'
    'Last-Modified': 'Fri, 17 Apr 2026 00:38:59 GMT'
    'ETag': '"0x8DE9C19B6E8C014"'
    'Server': 'Windows-Azure-Blob/1.0 Microsoft-HTTPAPI/2.0'
    'x-ms-request-id': '8ad8e382-701e-00d4-2002-ce75f8000000'
    'x-ms-client-request-id': 'd222fdd6-39f5-11f1-a294-900f0cc9f392'
    'x-ms-version': 'REDACTED'
    'x-ms-content-crc64': 'REDACTED'
    'x-ms-request-server-encrypted': 'REDACTED'
    'Date': 'Fri, 17 Apr 2026 00:38:58 GMT'
2026-04-17 01:38:58,116 | INFO | Uploaded -> raw/stock_overview/date=2026-04-17/overview.parquet
2026-04-17 01:38:58,118 | INFO | Request URL: 'https://alphadatalake.blob.core.windows.net/stockmarket/curated/all_data/date%3D2026-04-17/all_data.parquet'
Request method: 'PUT'
Request headers:
    'Content-Length': '14385'
    'x-ms-blob-type': 'REDACTED'
    'x-ms-version': 'REDACTED'
    'Content-Type': 'application/octet-stream'
    'Accept': 'application/xml'
    'User-Agent': 'azsdk-python-storage-blob/12.28.0 Python/3.14.0 (Windows-10-10.0.19045-SP0)'
    'x-ms-date': 'REDACTED'
    'x-ms-client-request-id': 'd22ddca0-39f5-11f1-bbef-900f0cc9f392'
    'Authorization': 'REDACTED'
A body is sent with the request
2026-04-17 01:38:58,207 | INFO | Response status: 201
Response headers:
    'Content-Length': '0'
    'Content-MD5': 'REDACTED'
    'Last-Modified': 'Fri, 17 Apr 2026 00:38:59 GMT'
    'ETag': '"0x8DE9C19B6F6D4BC"'
    'Server': 'Windows-Azure-Blob/1.0 Microsoft-HTTPAPI/2.0'
    'x-ms-request-id': '8ad8e3b0-701e-00d4-3902-ce75f8000000'
    'x-ms-client-request-id': 'd22ddca0-39f5-11f1-bbef-900f0cc9f392'
    'x-ms-version': 'REDACTED'
    'x-ms-content-crc64': 'REDACTED'
    'x-ms-request-server-encrypted': 'REDACTED'
    'Date': 'Fri, 17 Apr 2026 00:38:58 GMT'
2026-04-17 01:38:58,208 | INFO | Uploaded -> curated/all_data/date=2026-04-17/all_data.parquet
2026-04-17 01:38:58,208 | INFO | Pipeline completed successfully for 2026-04-17.
2026-04-20 08:17:47,710 | INFO | Environment variables loaded successfully.
2026-04-20 08:17:47,808 | INFO | Fetching price data for AAPL...
2026-04-20 08:17:49,425 | INFO | Price data processed for AAPL
2026-04-20 08:17:49,427 | INFO | Fetching overview for AAPL...
2026-04-20 08:17:49,877 | WARNING | Rate limit hit. Waiting 60 seconds...
2026-04-20 08:18:50,311 | INFO | Overview fetched for AAPL
2026-04-20 08:18:50,362 | INFO | Merged price + overview into all_data
2026-04-20 08:18:50,391 | INFO |      datetime    open    high       low   close    volume symbol  daily_return  price_range  prev_close  price_direction company_name      sector exchange
0  2025-11-21  265.95  273.33  265.6700  271.49  59030832   AAPL      0.000000       7.6600        0.00                0    Apple Inc  TECHNOLOGY   NASDAQ
1  2025-11-24  270.90  277.00  270.9000  275.92  65585796   AAPL      1.631736       6.1000      271.49                1    Apple Inc  TECHNOLOGY   NASDAQ
2  2025-11-25  275.27  280.38  275.2500  276.97  46914220   AAPL      0.380545       5.1300      275.92                1    Apple Inc  TECHNOLOGY   NASDAQ
3  2025-11-26  276.96  279.53  276.6300  277.55  33431423   AAPL      0.209409       2.9000      276.97                1    Apple Inc  TECHNOLOGY   NASDAQ
4  2025-11-28  277.26  279.00  275.9865  278.85  20135620   AAPL      0.468384       3.0135      277.55                1    Apple Inc  TECHNOLOGY   NASDAQ
2026-04-20 08:18:51,588 | INFO | Request URL: 'https://alphadatalake.blob.core.windows.net/stockmarket/raw/stock_prices/date%3D2026-04-20/prices.parquet'
Request method: 'PUT'
Request headers:
    'Content-Length': '12779'
    'x-ms-blob-type': 'REDACTED'
    'x-ms-version': 'REDACTED'
    'Content-Type': 'application/octet-stream'
    'Accept': 'application/xml'
    'User-Agent': 'azsdk-python-storage-blob/12.28.0 Python/3.14.0 (Windows-10-10.0.19045-SP0)'
    'x-ms-date': 'REDACTED'
    'x-ms-client-request-id': '2ea1a173-3c89-11f1-8d93-900f0cc9f392'
    'Authorization': 'REDACTED'
A body is sent with the request
2026-04-20 08:18:52,130 | INFO | Response status: 201
Response headers:
    'Content-Length': '0'
    'Content-MD5': 'REDACTED'
    'Last-Modified': 'Mon, 20 Apr 2026 07:18:53 GMT'
    'ETag': '"0x8DE9EAD13EA050C"'
    'Server': 'Windows-Azure-Blob/1.0 Microsoft-HTTPAPI/2.0'
    'x-ms-request-id': 'c1a28c5a-301e-006c-3195-d02e3e000000'
    'x-ms-client-request-id': '2ea1a173-3c89-11f1-8d93-900f0cc9f392'
    'x-ms-version': 'REDACTED'
    'x-ms-content-crc64': 'REDACTED'
    'x-ms-request-server-encrypted': 'REDACTED'
    'Date': 'Mon, 20 Apr 2026 07:18:52 GMT'
2026-04-20 08:18:52,131 | INFO | Uploaded -> raw/stock_prices/date=2026-04-20/prices.parquet
2026-04-20 08:18:52,134 | INFO | Request URL: 'https://alphadatalake.blob.core.windows.net/stockmarket/raw/stock_overview/date%3D2026-04-20/overview.parquet'
Request method: 'PUT'
Request headers:
    'Content-Length': '2731'
    'x-ms-blob-type': 'REDACTED'
    'x-ms-version': 'REDACTED'
    'Content-Type': 'application/octet-stream'
    'Accept': 'application/xml'
    'User-Agent': 'azsdk-python-storage-blob/12.28.0 Python/3.14.0 (Windows-10-10.0.19045-SP0)'
    'x-ms-date': 'REDACTED'
    'x-ms-client-request-id': '2ef745c9-3c89-11f1-90ad-900f0cc9f392'
    'Authorization': 'REDACTED'
A body is sent with the request
2026-04-20 08:18:52,216 | INFO | Response status: 201
Response headers:
    'Content-Length': '0'
    'Content-MD5': 'REDACTED'
    'Last-Modified': 'Mon, 20 Apr 2026 07:18:53 GMT'
    'ETag': '"0x8DE9EAD14017600"'
    'Server': 'Windows-Azure-Blob/1.0 Microsoft-HTTPAPI/2.0'
    'x-ms-request-id': 'c1a28ca7-301e-006c-7095-d02e3e000000'
    'x-ms-client-request-id': '2ef745c9-3c89-11f1-90ad-900f0cc9f392'
    'x-ms-version': 'REDACTED'
    'x-ms-content-crc64': 'REDACTED'
    'x-ms-request-server-encrypted': 'REDACTED'
    'Date': 'Mon, 20 Apr 2026 07:18:52 GMT'
2026-04-20 08:18:52,217 | INFO | Uploaded -> raw/stock_overview/date=2026-04-20/overview.parquet
2026-04-20 08:18:52,220 | INFO | Request URL: 'https://alphadatalake.blob.core.windows.net/stockmarket/curated/all_data/date%3D2026-04-20/all_data.parquet'
Request method: 'PUT'
Request headers:
    'Content-Length': '14390'
    'x-ms-blob-type': 'REDACTED'
    'x-ms-version': 'REDACTED'
    'Content-Type': 'application/octet-stream'
    'Accept': 'application/xml'
    'User-Agent': 'azsdk-python-storage-blob/12.28.0 Python/3.14.0 (Windows-10-10.0.19045-SP0)'
    'x-ms-date': 'REDACTED'
    'x-ms-client-request-id': '2f0478cc-3c89-11f1-b278-900f0cc9f392'
    'Authorization': 'REDACTED'
A body is sent with the request
2026-04-20 08:18:52,301 | INFO | Response status: 201
Response headers:
    'Content-Length': '0'
    'Content-MD5': 'REDACTED'
    'Last-Modified': 'Mon, 20 Apr 2026 07:18:53 GMT'
    'ETag': '"0x8DE9EAD140EC294"'
    'Server': 'Windows-Azure-Blob/1.0 Microsoft-HTTPAPI/2.0'
    'x-ms-request-id': 'c1a28ccb-301e-006c-0d95-d02e3e000000'
    'x-ms-client-request-id': '2f0478cc-3c89-11f1-b278-900f0cc9f392'
    'x-ms-version': 'REDACTED'
    'x-ms-content-crc64': 'REDACTED'
    'x-ms-request-server-encrypted': 'REDACTED'
    'Date': 'Mon, 20 Apr 2026 07:18:52 GMT'
2026-04-20 08:18:52,303 | INFO | Uploaded -> curated/all_data/date=2026-04-20/all_data.parquet
2026-04-20 08:18:52,303 | INFO | Pipeline completed successfully for 2026-04-20.
2026-04-20 08:22:56,447 | INFO | Environment variables loaded successfully.
2026-04-20 08:22:56,492 | INFO | Fetching price data for AAPL...
2026-04-20 08:22:57,041 | INFO | Price data processed for AAPL
2026-04-20 08:22:57,041 | INFO | Fetching overview for AAPL...
2026-04-20 08:22:57,448 | WARNING | Rate limit hit. Waiting 60 seconds...
2026-04-20 08:23:57,913 | INFO | Overview fetched for AAPL
2026-04-20 08:23:57,918 | INFO | Merged price + overview into all_data
2026-04-20 08:23:57,926 | INFO |      datetime    open    high       low   close    volume symbol  daily_return  price_range  prev_close  price_direction company_name      sector exchange
0  2025-11-21  265.95  273.33  265.6700  271.49  59030832   AAPL      0.000000       7.6600        0.00                0    Apple Inc  TECHNOLOGY   NASDAQ
1  2025-11-24  270.90  277.00  270.9000  275.92  65585796   AAPL      1.631736       6.1000      271.49                1    Apple Inc  TECHNOLOGY   NASDAQ
2  2025-11-25  275.27  280.38  275.2500  276.97  46914220   AAPL      0.380545       5.1300      275.92                1    Apple Inc  TECHNOLOGY   NASDAQ
3  2025-11-26  276.96  279.53  276.6300  277.55  33431423   AAPL      0.209409       2.9000      276.97                1    Apple Inc  TECHNOLOGY   NASDAQ
4  2025-11-28  277.26  279.00  275.9865  278.85  20135620   AAPL      0.468384       3.0135      277.55                1    Apple Inc  TECHNOLOGY   NASDAQ
2026-04-20 08:23:57,944 | INFO | Request URL: 'https://alphadatalake.blob.core.windows.net/stockmarket/raw/stock_prices/date%3D2026-04-20/prices.parquet'
Request method: 'PUT'
Request headers:
    'Content-Length': '12779'
    'x-ms-blob-type': 'REDACTED'
    'x-ms-version': 'REDACTED'
    'Content-Type': 'application/octet-stream'
    'Accept': 'application/xml'
    'User-Agent': 'azsdk-python-storage-blob/12.28.0 Python/3.14.0 (Windows-10-10.0.19045-SP0)'
    'x-ms-date': 'REDACTED'
    'x-ms-client-request-id': 'e53e3877-3c89-11f1-9cfb-900f0cc9f392'
    'Authorization': 'REDACTED'
A body is sent with the request
2026-04-20 08:23:58,416 | INFO | Response status: 201
Response headers:
    'Content-Length': '0'
    'Content-MD5': 'REDACTED'
    'Last-Modified': 'Mon, 20 Apr 2026 07:23:59 GMT'
    'ETag': '"0x8DE9EADCA83E24C"'
    'Server': 'Windows-Azure-Blob/1.0 Microsoft-HTTPAPI/2.0'
    'x-ms-request-id': '678e67ff-301e-0053-4b96-d0e69d000000'
    'x-ms-client-request-id': 'e53e3877-3c89-11f1-9cfb-900f0cc9f392'
    'x-ms-version': 'REDACTED'
    'x-ms-content-crc64': 'REDACTED'
    'x-ms-request-server-encrypted': 'REDACTED'
    'Date': 'Mon, 20 Apr 2026 07:23:59 GMT'
2026-04-20 08:23:58,418 | INFO | Uploaded -> raw/stock_prices/date=2026-04-20/prices.parquet
2026-04-20 08:23:58,420 | INFO | Request URL: 'https://alphadatalake.blob.core.windows.net/stockmarket/raw/stock_overview/date%3D2026-04-20/overview.parquet'
Request method: 'PUT'
Request headers:
    'Content-Length': '2731'
    'x-ms-blob-type': 'REDACTED'
    'x-ms-version': 'REDACTED'
    'Content-Type': 'application/octet-stream'
    'Accept': 'application/xml'
    'User-Agent': 'azsdk-python-storage-blob/12.28.0 Python/3.14.0 (Windows-10-10.0.19045-SP0)'
    'x-ms-date': 'REDACTED'
    'x-ms-client-request-id': 'e586cec9-3c89-11f1-a4d3-900f0cc9f392'
    'Authorization': 'REDACTED'
A body is sent with the request
2026-04-20 08:23:58,496 | INFO | Response status: 201
Response headers:
    'Content-Length': '0'
    'Content-MD5': 'REDACTED'
    'Last-Modified': 'Mon, 20 Apr 2026 07:23:59 GMT'
    'ETag': '"0x8DE9EADCA905D80"'
    'Server': 'Windows-Azure-Blob/1.0 Microsoft-HTTPAPI/2.0'
    'x-ms-request-id': '678e6840-301e-0053-8096-d0e69d000000'
    'x-ms-client-request-id': 'e586cec9-3c89-11f1-a4d3-900f0cc9f392'
    'x-ms-version': 'REDACTED'
    'x-ms-content-crc64': 'REDACTED'
    'x-ms-request-server-encrypted': 'REDACTED'
    'Date': 'Mon, 20 Apr 2026 07:23:59 GMT'
2026-04-20 08:23:58,497 | INFO | Uploaded -> raw/stock_overview/date=2026-04-20/overview.parquet
2026-04-20 08:23:58,500 | INFO | Request URL: 'https://alphadatalake.blob.core.windows.net/stockmarket/curated/all_data/date%3D2026-04-20/all_data.parquet'
Request method: 'PUT'
Request headers:
    'Content-Length': '14390'
    'x-ms-blob-type': 'REDACTED'
    'x-ms-version': 'REDACTED'
    'Content-Type': 'application/octet-stream'
    'Accept': 'application/xml'
    'User-Agent': 'azsdk-python-storage-blob/12.28.0 Python/3.14.0 (Windows-10-10.0.19045-SP0)'
    'x-ms-date': 'REDACTED'
    'x-ms-client-request-id': 'e593230f-3c89-11f1-9276-900f0cc9f392'
    'Authorization': 'REDACTED'
A body is sent with the request
2026-04-20 08:23:58,592 | INFO | Response status: 201
Response headers:
    'Content-Length': '0'
    'Content-MD5': 'REDACTED'
    'Last-Modified': 'Mon, 20 Apr 2026 07:23:59 GMT'
    'ETag': '"0x8DE9EADCA9F30E4"'
    'Server': 'Windows-Azure-Blob/1.0 Microsoft-HTTPAPI/2.0'
    'x-ms-request-id': '678e6871-301e-0053-2b96-d0e69d000000'
    'x-ms-client-request-id': 'e593230f-3c89-11f1-9276-900f0cc9f392'
    'x-ms-version': 'REDACTED'
    'x-ms-content-crc64': 'REDACTED'
    'x-ms-request-server-encrypted': 'REDACTED'
    'Date': 'Mon, 20 Apr 2026 07:23:59 GMT'
2026-04-20 08:23:58,593 | INFO | Uploaded -> curated/all_data/date=2026-04-20/all_data.parquet
2026-04-20 08:23:58,593 | INFO | Pipeline completed successfully for 2026-04-20.
2026-04-26 22:14:14,662 | INFO | Environment variables loaded successfully.
2026-04-26 22:14:14,740 | INFO | Fetching price data for AAPL...
2026-04-26 22:14:16,097 | INFO | Price data processed for AAPL
2026-04-26 22:14:16,097 | INFO | Fetching overview for AAPL...
2026-04-26 22:14:16,569 | WARNING | Rate limit hit. Waiting 60 seconds...
2026-04-26 22:15:17,041 | INFO | Overview fetched for AAPL
2026-04-26 22:15:17,041 | INFO | Waiting 15 seconds before next symbol...
2026-04-26 22:15:32,042 | INFO | Fetching price data for MSFT...
2026-04-26 22:15:32,645 | INFO | Price data processed for MSFT
2026-04-26 22:15:32,645 | INFO | Fetching overview for MSFT...
2026-04-26 22:15:33,288 | WARNING | Rate limit hit. Waiting 60 seconds...
2026-04-26 22:16:33,906 | INFO | Overview fetched for MSFT
2026-04-26 22:16:33,906 | INFO | Waiting 15 seconds before next symbol...
2026-04-26 22:16:48,907 | INFO | Fetching price data for GOOGL...
2026-04-26 22:16:49,471 | INFO | Price data processed for GOOGL
2026-04-26 22:16:49,472 | INFO | Fetching overview for GOOGL...
2026-04-26 22:16:49,995 | WARNING | Rate limit hit. Waiting 60 seconds...
2026-04-26 22:17:50,647 | INFO | Overview fetched for GOOGL
2026-04-26 22:17:50,647 | INFO | Waiting 15 seconds before next symbol...
2026-04-26 22:18:05,648 | INFO | Fetching price data for AMZN...
2026-04-26 22:18:06,230 | INFO | Price data processed for AMZN
2026-04-26 22:18:06,230 | INFO | Fetching overview for AMZN...
2026-04-26 22:18:06,660 | WARNING | Rate limit hit. Waiting 60 seconds...
2026-04-26 22:19:07,135 | INFO | Overview fetched for AMZN
2026-04-26 22:19:07,316 | INFO | Merged price + overview into all_data
2026-04-26 22:19:07,340 | INFO |      datetime     open    high       low   close    volume symbol  daily_return  price_range  prev_close  price_direction company_name      sector exchange
0  2025-12-01  278.010  283.42  276.1400  283.10  46587722   AAPL      0.000000       7.2800        0.00                0    Apple Inc  TECHNOLOGY   NASDAQ
1  2025-12-02  283.000  287.40  282.6301  286.19  53669532   AAPL      1.091487       4.7699      283.10                1    Apple Inc  TECHNOLOGY   NASDAQ
2  2025-12-03  286.200  288.62  283.3000  284.15  43538687   AAPL     -0.712813       5.3200      286.19                0    Apple Inc  TECHNOLOGY   NASDAQ
3  2025-12-04  284.095  284.73  278.5900  280.70  43989056   AAPL     -1.214147       6.1400      284.15                0    Apple Inc  TECHNOLOGY   NASDAQ
4  2025-12-05  280.540  281.14  278.0500  278.78  47265845   AAPL     -0.684004       3.0900      280.70                0    Apple Inc  TECHNOLOGY   NASDAQ
2026-04-26 22:19:08,216 | INFO | Request URL: 'https://alphadatalake.blob.core.windows.net/stockmarket/raw/stock_prices/date%3D2026-04-26/prices.parquet'
Request method: 'PUT'
Request headers:
    'Content-Length': '28460'
    'x-ms-blob-type': 'REDACTED'
    'x-ms-version': 'REDACTED'
    'Content-Type': 'application/octet-stream'
    'Accept': 'application/xml'
    'User-Agent': 'azsdk-python-storage-blob/12.28.0 Python/3.14.0 (Windows-10-10.0.19045-SP0)'
    'x-ms-date': 'REDACTED'
    'x-ms-client-request-id': '8fc2bef2-41b5-11f1-91ec-900f0cc9f391'
    'Authorization': 'REDACTED'
A body is sent with the request
2026-04-26 22:19:08,787 | INFO | Response status: 201
Response headers:
    'Content-Length': '0'
    'Content-MD5': 'REDACTED'
    'Last-Modified': 'Sun, 26 Apr 2026 21:19:08 GMT'
    'ETag': '"0x8DEA3D9742732B0"'
    'Server': 'Windows-Azure-Blob/1.0 Microsoft-HTTPAPI/2.0'
    'x-ms-request-id': '12271786-f01e-00e5-4cc2-d594eb000000'
    'x-ms-client-request-id': '8fc2bef2-41b5-11f1-91ec-900f0cc9f391'
    'x-ms-version': 'REDACTED'
    'x-ms-content-crc64': 'REDACTED'
    'x-ms-request-server-encrypted': 'REDACTED'
    'Date': 'Sun, 26 Apr 2026 21:19:08 GMT'
2026-04-26 22:19:08,788 | INFO | Uploaded -> raw/stock_prices/date=2026-04-26/prices.parquet
2026-04-26 22:19:08,790 | INFO | Request URL: 'https://alphadatalake.blob.core.windows.net/stockmarket/raw/stock_overview/date%3D2026-04-26/overview.parquet'
Request method: 'PUT'
Request headers:
    'Content-Length': '2943'
    'x-ms-blob-type': 'REDACTED'
    'x-ms-version': 'REDACTED'
    'Content-Type': 'application/octet-stream'
    'Accept': 'application/xml'
    'User-Agent': 'azsdk-python-storage-blob/12.28.0 Python/3.14.0 (Windows-10-10.0.19045-SP0)'
    'x-ms-date': 'REDACTED'
    'x-ms-client-request-id': '901cfb6d-41b5-11f1-9b51-900f0cc9f391'
    'Authorization': 'REDACTED'
A body is sent with the request
2026-04-26 22:19:08,854 | INFO | Response status: 201
Response headers:
    'Content-Length': '0'
    'Content-MD5': 'REDACTED'
    'Last-Modified': 'Sun, 26 Apr 2026 21:19:08 GMT'
    'ETag': '"0x8DEA3D9743A56F0"'
    'Server': 'Windows-Azure-Blob/1.0 Microsoft-HTTPAPI/2.0'
    'x-ms-request-id': '1227181f-f01e-00e5-23c2-d594eb000000'
    'x-ms-client-request-id': '901cfb6d-41b5-11f1-9b51-900f0cc9f391'
    'x-ms-version': 'REDACTED'
    'x-ms-content-crc64': 'REDACTED'
    'x-ms-request-server-encrypted': 'REDACTED'
    'Date': 'Sun, 26 Apr 2026 21:19:08 GMT'
2026-04-26 22:19:08,856 | INFO | Uploaded -> raw/stock_overview/date=2026-04-26/overview.parquet
2026-04-26 22:19:08,859 | INFO | Request URL: 'https://alphadatalake.blob.core.windows.net/stockmarket/refined/all_data/date%3D2026-04-26/all_data.parquet'
Request method: 'PUT'
Request headers:
    'Content-Length': '30276'
    'x-ms-blob-type': 'REDACTED'
    'x-ms-version': 'REDACTED'
    'Content-Type': 'application/octet-stream'
    'Accept': 'application/xml'
    'User-Agent': 'azsdk-python-storage-blob/12.28.0 Python/3.14.0 (Windows-10-10.0.19045-SP0)'
    'x-ms-date': 'REDACTED'
    'x-ms-client-request-id': '9027996d-41b5-11f1-9a65-900f0cc9f391'
    'Authorization': 'REDACTED'
A body is sent with the request
2026-04-26 22:19:08,938 | INFO | Response status: 201
Response headers:
    'Content-Length': '0'
    'Content-MD5': 'REDACTED'
    'Last-Modified': 'Sun, 26 Apr 2026 21:19:08 GMT'
    'ETag': '"0x8DEA3D97446A86C"'
    'Server': 'Windows-Azure-Blob/1.0 Microsoft-HTTPAPI/2.0'
    'x-ms-request-id': '12271847-f01e-00e5-3ec2-d594eb000000'
    'x-ms-client-request-id': '9027996d-41b5-11f1-9a65-900f0cc9f391'
    'x-ms-version': 'REDACTED'
    'x-ms-content-crc64': 'REDACTED'
    'x-ms-request-server-encrypted': 'REDACTED'
    'Date': 'Sun, 26 Apr 2026 21:19:08 GMT'
2026-04-26 22:19:08,938 | INFO | Uploaded -> refined/all_data/date=2026-04-26/all_data.parquet
2026-04-26 22:19:08,938 | INFO | Pipeline completed successfully for 2026-04-26.
2026-04-26 22:25:49,924 | INFO | Environment variables loaded successfully.
2026-04-26 22:25:49,952 | INFO | Fetching price data for AAPL...
2026-04-26 22:25:50,533 | INFO | Price data processed for AAPL
2026-04-26 22:25:50,533 | INFO | Fetching overview for AAPL...
2026-04-26 22:25:50,958 | WARNING | Rate limit hit. Waiting 60 seconds...
2026-04-26 22:26:51,386 | INFO | Overview fetched for AAPL
2026-04-26 22:26:51,387 | INFO | Waiting 15 seconds before next symbol...
2026-04-26 22:27:06,388 | INFO | Fetching price data for MSFT...
2026-04-26 22:27:06,956 | INFO | Price data processed for MSFT
2026-04-26 22:27:06,957 | INFO | Fetching overview for MSFT...
2026-04-26 22:27:07,363 | WARNING | Rate limit hit. Waiting 60 seconds...
2026-04-26 22:28:07,769 | INFO | Overview fetched for MSFT
2026-04-26 22:28:07,769 | INFO | Waiting 15 seconds before next symbol...
2026-04-26 22:28:22,770 | INFO | Fetching price data for GOOGL...
2026-04-26 22:28:23,283 | INFO | Price data processed for GOOGL
2026-04-26 22:28:23,284 | INFO | Fetching overview for GOOGL...
2026-04-26 22:28:23,686 | WARNING | Rate limit hit. Waiting 60 seconds...
2026-04-26 22:29:24,293 | INFO | Overview fetched for GOOGL
2026-04-26 22:29:24,293 | INFO | Waiting 15 seconds before next symbol...
2026-04-26 22:29:39,294 | INFO | Fetching price data for AMZN...
2026-04-26 22:29:39,844 | INFO | Price data processed for AMZN
2026-04-26 22:29:39,844 | INFO | Fetching overview for AMZN...
2026-04-26 22:29:40,266 | WARNING | Rate limit hit. Waiting 60 seconds...
2026-04-26 22:30:40,706 | INFO | Overview fetched for AMZN
2026-04-26 22:30:40,712 | INFO | Merged price + overview into all_data
2026-04-26 22:30:40,721 | INFO |      datetime     open    high       low   close    volume symbol  daily_return  price_range  prev_close  price_direction company_name      sector exchange
0  2025-12-01  278.010  283.42  276.1400  283.10  46587722   AAPL      0.000000       7.2800        0.00                0    Apple Inc  TECHNOLOGY   NASDAQ
1  2025-12-02  283.000  287.40  282.6301  286.19  53669532   AAPL      1.091487       4.7699      283.10                1    Apple Inc  TECHNOLOGY   NASDAQ
2  2025-12-03  286.200  288.62  283.3000  284.15  43538687   AAPL     -0.712813       5.3200      286.19                0    Apple Inc  TECHNOLOGY   NASDAQ
3  2025-12-04  284.095  284.73  278.5900  280.70  43989056   AAPL     -1.214147       6.1400      284.15                0    Apple Inc  TECHNOLOGY   NASDAQ
4  2025-12-05  280.540  281.14  278.0500  278.78  47265845   AAPL     -0.684004       3.0900      280.70                0    Apple Inc  TECHNOLOGY   NASDAQ
2026-04-26 22:30:40,742 | INFO | Request URL: 'https://alphadatalake.blob.core.windows.net/stockmarket/raw/stock_prices/date%3D2026-04-26/prices.parquet'
Request method: 'PUT'
Request headers:
    'Content-Length': '28460'
    'x-ms-blob-type': 'REDACTED'
    'x-ms-version': 'REDACTED'
    'Content-Type': 'application/octet-stream'
    'Accept': 'application/xml'
    'User-Agent': 'azsdk-python-storage-blob/12.28.0 Python/3.14.0 (Windows-10-10.0.19045-SP0)'
    'x-ms-date': 'REDACTED'
    'x-ms-client-request-id': '2c8c8152-41b7-11f1-9110-900f0cc9f391'
    'Authorization': 'REDACTED'
A body is sent with the request
2026-04-26 22:30:41,134 | INFO | Response status: 201
Response headers:
    'Content-Length': '0'
    'Content-MD5': 'REDACTED'
    'Last-Modified': 'Sun, 26 Apr 2026 21:30:40 GMT'
    'ETag': '"0x8DEA3DB10DD1978"'
    'Server': 'Windows-Azure-Blob/1.0 Microsoft-HTTPAPI/2.0'
    'x-ms-request-id': '28e93a92-001e-0048-3bc3-d5d89e000000'
    'x-ms-client-request-id': '2c8c8152-41b7-11f1-9110-900f0cc9f391'
    'x-ms-version': 'REDACTED'
    'x-ms-content-crc64': 'REDACTED'
    'x-ms-request-server-encrypted': 'REDACTED'
    'Date': 'Sun, 26 Apr 2026 21:30:40 GMT'
2026-04-26 22:30:41,135 | INFO | Uploaded -> raw/stock_prices/date=2026-04-26/prices.parquet
2026-04-26 22:30:41,137 | INFO | Request URL: 'https://alphadatalake.blob.core.windows.net/stockmarket/raw/stock_overview/date%3D2026-04-26/overview.parquet'
Request method: 'PUT'
Request headers:
    'Content-Length': '2943'
    'x-ms-blob-type': 'REDACTED'
    'x-ms-version': 'REDACTED'
    'Content-Type': 'application/octet-stream'
    'Accept': 'application/xml'
    'User-Agent': 'azsdk-python-storage-blob/12.28.0 Python/3.14.0 (Windows-10-10.0.19045-SP0)'
    'x-ms-date': 'REDACTED'
    'x-ms-client-request-id': '2cc8ca9b-41b7-11f1-a617-900f0cc9f391'
    'Authorization': 'REDACTED'
A body is sent with the request
2026-04-26 22:30:41,170 | INFO | Response status: 201
Response headers:
    'Content-Length': '0'
    'Content-MD5': 'REDACTED'
    'Last-Modified': 'Sun, 26 Apr 2026 21:30:40 GMT'
    'ETag': '"0x8DEA3DB10E26588"'
    'Server': 'Windows-Azure-Blob/1.0 Microsoft-HTTPAPI/2.0'
    'x-ms-request-id': '28e93aa4-001e-0048-49c3-d5d89e000000'
    'x-ms-client-request-id': '2cc8ca9b-41b7-11f1-a617-900f0cc9f391'
    'x-ms-version': 'REDACTED'
    'x-ms-content-crc64': 'REDACTED'
    'x-ms-request-server-encrypted': 'REDACTED'
    'Date': 'Sun, 26 Apr 2026 21:30:40 GMT'
2026-04-26 22:30:41,171 | INFO | Uploaded -> raw/stock_overview/date=2026-04-26/overview.parquet
2026-04-26 22:30:41,174 | INFO | Request URL: 'https://alphadatalake.blob.core.windows.net/stockmarket/refined/all_data/date%3D2026-04-26/all_data.parquet'
Request method: 'PUT'
Request headers:
    'Content-Length': '30276'
    'x-ms-blob-type': 'REDACTED'
    'x-ms-version': 'REDACTED'
    'Content-Type': 'application/octet-stream'
    'Accept': 'application/xml'
    'User-Agent': 'azsdk-python-storage-blob/12.28.0 Python/3.14.0 (Windows-10-10.0.19045-SP0)'
    'x-ms-date': 'REDACTED'
    'x-ms-client-request-id': '2cce767c-41b7-11f1-a6c9-900f0cc9f391'
    'Authorization': 'REDACTED'
A body is sent with the request
2026-04-26 22:30:41,218 | INFO | Response status: 201
Response headers:
    'Content-Length': '0'
    'Content-MD5': 'REDACTED'
    'Last-Modified': 'Sun, 26 Apr 2026 21:30:41 GMT'
    'ETag': '"0x8DEA3DB10E974E4"'
    'Server': 'Windows-Azure-Blob/1.0 Microsoft-HTTPAPI/2.0'
    'x-ms-request-id': '28e93aad-001e-0048-50c3-d5d89e000000'
    'x-ms-client-request-id': '2cce767c-41b7-11f1-a6c9-900f0cc9f391'
    'x-ms-version': 'REDACTED'
    'x-ms-content-crc64': 'REDACTED'
    'x-ms-request-server-encrypted': 'REDACTED'
    'Date': 'Sun, 26 Apr 2026 21:30:40 GMT'
2026-04-26 22:30:41,218 | INFO | Uploaded -> refined/all_data/date=2026-04-26/all_data.parquet
2026-04-26 22:30:41,219 | INFO | Pipeline completed successfully for 2026-04-26.
